This is pdfTeX, Version 3.14159265-2.6-1.40.16 (TeX Live 2015/Debian) (preloaded format=pdflatex 2017.9.23)  24 JAN 2018 19:12
entering extended mode
 restricted \write18 enabled.
 %&-line parsing enabled.
**gc-06-ChainRule-handout.tex
(./gc-06-ChainRule-handout.tex
LaTeX2e <2016/02/01>
Babel <3.9q> and hyphenation patterns for 81 language(s) loaded.
(/usr/share/texlive/texmf-dist/tex/latex/base/article.cls
Document Class: article 2014/09/29 v1.4h Standard LaTeX document class
(/usr/share/texlive/texmf-dist/tex/latex/base/size10.clo
File: size10.clo 2014/09/29 v1.4h Standard LaTeX file (size option)
)
\c@part=\count79
\c@section=\count80
\c@subsection=\count81
\c@subsubsection=\count82
\c@paragraph=\count83
\c@subparagraph=\count84
\c@figure=\count85
\c@table=\count86
\abovecaptionskip=\skip41
\belowcaptionskip=\skip42
\bibindent=\dimen102
)
(/usr/share/texlive/texmf-dist/tex/latex/pdfpages/pdfpages.sty
Package: pdfpages 2015/09/18 v0.5d Insert pages of external PDF documents (AM)

(/usr/share/texlive/texmf-dist/tex/latex/base/ifthen.sty
Package: ifthen 2014/09/29 v1.1c Standard LaTeX ifthen package (DPC)
)
(/usr/share/texlive/texmf-dist/tex/latex/tools/calc.sty
Package: calc 2014/10/28 v4.3 Infix arithmetic (KKT,FJ)
\calc@Acount=\count87
\calc@Bcount=\count88
\calc@Adimen=\dimen103
\calc@Bdimen=\dimen104
\calc@Askip=\skip43
\calc@Bskip=\skip44
LaTeX Info: Redefining \setlength on input line 80.
LaTeX Info: Redefining \addtolength on input line 81.
\calc@Ccount=\count89
\calc@Cskip=\skip45
)
(/usr/share/texlive/texmf-dist/tex/latex/eso-pic/eso-pic.sty
Package: eso-pic 2015/07/21 v2.0g eso-pic (RN)

(/usr/share/texlive/texmf-dist/tex/generic/oberdiek/atbegshi.sty
Package: atbegshi 2011/10/05 v1.16 At begin shipout hook (HO)

(/usr/share/texlive/texmf-dist/tex/generic/oberdiek/infwarerr.sty
Package: infwarerr 2010/04/08 v1.3 Providing info/warning/error messages (HO)
)
(/usr/share/texlive/texmf-dist/tex/generic/oberdiek/ltxcmds.sty
Package: ltxcmds 2011/11/09 v1.22 LaTeX kernel commands for general use (HO)
)
(/usr/share/texlive/texmf-dist/tex/generic/oberdiek/ifpdf.sty
Package: ifpdf 2011/01/30 v2.3 Provides the ifpdf switch (HO)
Package ifpdf Info: pdfTeX in PDF mode is detected.
))
(/usr/share/texlive/texmf-dist/tex/latex/graphics/keyval.sty
Package: keyval 2014/10/28 v1.15 key=value parser (DPC)
\KV@toks@=\toks14
)
(/usr/share/texlive/texmf-dist/tex/latex/xcolor/xcolor.sty
Package: xcolor 2007/01/21 v2.11 LaTeX color extensions (UK)

(/usr/share/texlive/texmf-dist/tex/latex/latexconfig/color.cfg
File: color.cfg 2007/01/18 v1.5 color configuration of teTeX/TeXLive
)
Package xcolor Info: Driver file: pdftex.def on input line 225.

(/usr/share/texlive/texmf-dist/tex/latex/pdftex-def/pdftex.def
File: pdftex.def 2011/05/27 v0.06d Graphics/color for pdfTeX
\Gread@gobject=\count90
)
Package xcolor Info: Model `cmy' substituted by `cmy0' on input line 1337.
Package xcolor Info: Model `hsb' substituted by `rgb' on input line 1341.
Package xcolor Info: Model `RGB' extended on input line 1353.
Package xcolor Info: Model `HTML' substituted by `rgb' on input line 1355.
Package xcolor Info: Model `Hsb' substituted by `hsb' on input line 1356.
Package xcolor Info: Model `tHsb' substituted by `hsb' on input line 1357.
Package xcolor Info: Model `HSB' substituted by `hsb' on input line 1358.
Package xcolor Info: Model `Gray' substituted by `gray' on input line 1359.
Package xcolor Info: Model `wave' substituted by `hsb' on input line 1360.
))
(/usr/share/texlive/texmf-dist/tex/latex/graphics/graphicx.sty
Package: graphicx 2014/10/28 v1.0g Enhanced LaTeX Graphics (DPC,SPQR)

(/usr/share/texlive/texmf-dist/tex/latex/graphics/graphics.sty
Package: graphics 2016/01/03 v1.0q Standard LaTeX Graphics (DPC,SPQR)

(/usr/share/texlive/texmf-dist/tex/latex/graphics/trig.sty
Package: trig 2016/01/03 v1.10 sin cos tan (DPC)
)
(/usr/share/texlive/texmf-dist/tex/latex/latexconfig/graphics.cfg
File: graphics.cfg 2010/04/23 v1.9 graphics configuration of TeX Live
)
Package graphics Info: Driver file: pdftex.def on input line 95.
)
\Gin@req@height=\dimen105
\Gin@req@width=\dimen106
)
\AM@pagewidth=\dimen107
\AM@pageheight=\dimen108

(/usr/share/texlive/texmf-dist/tex/latex/pdfpages/pppdftex.def
File: pppdftex.def 2015/09/18 v0.5d Pdfpages driver for pdfTeX (AM)
)
\AM@pagebox=\box26
\AM@toc@title=\toks15
\c@AM@survey=\count91
\AM@templatesizebox=\box27
)
(./gc-06-ChainRule-handout.aux)
\openout1 = `gc-06-ChainRule-handout.aux'.

LaTeX Font Info:    Checking defaults for OML/cmm/m/it on input line 6.
LaTeX Font Info:    ... okay on input line 6.
LaTeX Font Info:    Checking defaults for T1/cmr/m/n on input line 6.
LaTeX Font Info:    ... okay on input line 6.
LaTeX Font Info:    Checking defaults for OT1/cmr/m/n on input line 6.
LaTeX Font Info:    ... okay on input line 6.
LaTeX Font Info:    Checking defaults for OMS/cmsy/m/n on input line 6.
LaTeX Font Info:    ... okay on input line 6.
LaTeX Font Info:    Checking defaults for OMX/cmex/m/n on input line 6.
LaTeX Font Info:    ... okay on input line 6.
LaTeX Font Info:    Checking defaults for U/cmr/m/n on input line 6.
LaTeX Font Info:    ... okay on input line 6.
\AtBeginShipoutBox=\box28

(/usr/share/texlive/texmf-dist/tex/context/base/supp-pdf.mkii
[Loading MPS to PDF converter (version 2006.09.02).]
\scratchcounter=\count92
\scratchdimen=\dimen109
\scratchbox=\box29
\nofMPsegments=\count93
\nofMParguments=\count94
\everyMPshowfont=\toks16
\MPscratchCnt=\count95
\MPscratchDim=\dimen110
\MPnumerator=\count96
\makeMPintoPDFobject=\count97
\everyMPtoPDFconversion=\toks17
) (/usr/share/texlive/texmf-dist/tex/generic/oberdiek/pdftexcmds.sty
Package: pdftexcmds 2011/11/29 v0.20 Utility functions of pdfTeX for LuaTeX (HO
)

(/usr/share/texlive/texmf-dist/tex/generic/oberdiek/ifluatex.sty
Package: ifluatex 2010/03/01 v1.3 Provides the ifluatex switch (HO)
Package ifluatex Info: LuaTeX not detected.
)
Package pdftexcmds Info: LuaTeX not detected.
Package pdftexcmds Info: \pdf@primitive is available.
Package pdftexcmds Info: \pdf@ifprimitive is available.
Package pdftexcmds Info: \pdfdraftmode found.
)
(/usr/share/texlive/texmf-dist/tex/latex/oberdiek/epstopdf-base.sty
Package: epstopdf-base 2010/02/09 v2.5 Base part for package epstopdf

(/usr/share/texlive/texmf-dist/tex/latex/oberdiek/grfext.sty
Package: grfext 2010/08/19 v1.1 Manage graphics extensions (HO)

(/usr/share/texlive/texmf-dist/tex/generic/oberdiek/kvdefinekeys.sty
Package: kvdefinekeys 2011/04/07 v1.3 Define keys (HO)
))
(/usr/share/texlive/texmf-dist/tex/latex/oberdiek/kvoptions.sty
Package: kvoptions 2011/06/30 v3.11 Key value format for package options (HO)

(/usr/share/texlive/texmf-dist/tex/generic/oberdiek/kvsetkeys.sty
Package: kvsetkeys 2012/04/25 v1.16 Key value parser (HO)

(/usr/share/texlive/texmf-dist/tex/generic/oberdiek/etexcmds.sty
Package: etexcmds 2011/02/16 v1.5 Avoid name clashes with e-TeX commands (HO)
Package etexcmds Info: Could not find \expanded.
(etexcmds)             That can mean that you are not using pdfTeX 1.50 or
(etexcmds)             that some package has redefined \expanded.
(etexcmds)             In the latter case, load this package earlier.
)))
Package grfext Info: Graphics extension search list:
(grfext)             [.png,.pdf,.jpg,.mps,.jpeg,.jbig2,.jb2,.PNG,.PDF,.JPG,.JPE
G,.JBIG2,.JB2,.eps]
(grfext)             \AppendGraphicsExtensions on input line 452.

(/usr/share/texlive/texmf-dist/tex/latex/latexconfig/epstopdf-sys.cfg
File: epstopdf-sys.cfg 2010/07/13 v1.3 Configuration of (r)epstopdf for TeX Liv
e
))
(/usr/share/texlive/texmf-dist/tex/latex/oberdiek/pdflscape.sty
Package: pdflscape 2008/08/11 v0.10 Display of landscape pages in PDF (HO)

(/usr/share/texlive/texmf-dist/tex/latex/graphics/lscape.sty
Package: lscape 2000/10/22 v3.01 Landscape Pages (DPC)
)
Package pdflscape Info: Auto-detected driver: pdftex on input line 80.

(/usr/share/texlive/texmf-dist/tex/generic/ifxetex/ifxetex.sty
Package: ifxetex 2010/09/12 v0.6 Provides ifxetex conditional
))
<gc-06-ChainRule.pdf, id=1, 364.19562pt x 273.14648pt>
File: gc-06-ChainRule.pdf Graphic file (type pdf)

<use gc-06-ChainRule.pdf>
Package pdftex.def Info: gc-06-ChainRule.pdf used on input line 7.
(pdftex.def)             Requested size: 364.19473pt x 273.14581pt.
File: gc-06-ChainRule.pdf Graphic file (type pdf)
 <use gc-06-ChainRule.pdf>
Package pdftex.def Info: gc-06-ChainRule.pdf used on input line 7.
(pdftex.def)             Requested size: 364.19473pt x 273.14581pt.

<gc-06-ChainRule.pdf, id=4, page=1, 364.19562pt x 273.14648pt>
File: gc-06-ChainRule.pdf Graphic file (type pdf)

<use gc-06-ChainRule.pdf, page 1>
Package pdftex.def Info: gc-06-ChainRule.pdf, page1 used on input line 7.
(pdftex.def)             Requested size: 364.19473pt x 273.14581pt.
File: gc-06-ChainRule.pdf Graphic file (type pdf)
 <use gc-06-ChainRule.pdf, page 1>
Package pdftex.def Info: gc-06-ChainRule.pdf, page1 used on input line 7.
(pdftex.def)             Requested size: 364.19473pt x 273.14581pt.
File: gc-06-ChainRule.pdf Graphic file (type pdf)

<use gc-06-ChainRule.pdf, page 1>
Package pdftex.def Info: gc-06-ChainRule.pdf, page1 used on input line 7.
(pdftex.def)             Requested size: 364.19473pt x 273.14581pt.

<gc-06-ChainRule.pdf, id=5, page=2, 364.19562pt x 273.14648pt>
File: gc-06-ChainRule.pdf Graphic file (type pdf)

<use gc-06-ChainRule.pdf, page 2>
Package pdftex.def Info: gc-06-ChainRule.pdf, page2 used on input line 7.
(pdftex.def)             Requested size: 364.19473pt x 273.14581pt.
File: gc-06-ChainRule.pdf Graphic file (type pdf)
 <use gc-06-ChainRule.pdf, page 2>
Package pdftex.def Info: gc-06-ChainRule.pdf, page2 used on input line 7.
(pdftex.def)             Requested size: 364.19473pt x 273.14581pt.

<gc-06-ChainRule.pdf, id=6, page=3, 364.19562pt x 273.14648pt>
File: gc-06-ChainRule.pdf Graphic file (type pdf)

<use gc-06-ChainRule.pdf, page 3>
Package pdftex.def Info: gc-06-ChainRule.pdf, page3 used on input line 7.
(pdftex.def)             Requested size: 364.19473pt x 273.14581pt.
File: gc-06-ChainRule.pdf Graphic file (type pdf)
 <use gc-06-ChainRule.pdf, page 3>
Package pdftex.def Info: gc-06-ChainRule.pdf, page3 used on input line 7.
(pdftex.def)             Requested size: 364.19473pt x 273.14581pt.

<gc-06-ChainRule.pdf, id=7, page=4, 364.19562pt x 273.14648pt>
File: gc-06-ChainRule.pdf Graphic file (type pdf)

<use gc-06-ChainRule.pdf, page 4>
Package pdftex.def Info: gc-06-ChainRule.pdf, page4 used on input line 7.
(pdftex.def)             Requested size: 364.19473pt x 273.14581pt.
File: gc-06-ChainRule.pdf Graphic file (type pdf)
 <use gc-06-ChainRule.pdf, page 4>
Package pdftex.def Info: gc-06-ChainRule.pdf, page4 used on input line 7.
(pdftex.def)             Requested size: 364.19473pt x 273.14581pt.
File: gc-06-ChainRule.pdf Graphic file (type pdf)

<use gc-06-ChainRule.pdf, page 1>
Package pdftex.def Info: gc-06-ChainRule.pdf, page1 used on input line 7.
(pdftex.def)             Requested size: 364.19473pt x 273.14581pt.
File: gc-06-ChainRule.pdf Graphic file (type pdf)
 <use gc-06-ChainRule.pdf, page 2>
Package pdftex.def Info: gc-06-ChainRule.pdf, page2 used on input line 7.
(pdftex.def)             Requested size: 364.19473pt x 273.14581pt.
File: gc-06-ChainRule.pdf Graphic file (type pdf)

<use gc-06-ChainRule.pdf, page 3>
Package pdftex.def Info: gc-06-ChainRule.pdf, page3 used on input line 7.
(pdftex.def)             Requested size: 364.19473pt x 273.14581pt.
File: gc-06-ChainRule.pdf Graphic file (type pdf)
 <use gc-06-ChainRule.pdf, page 4>
Package pdftex.def Info: gc-06-ChainRule.pdf, page4 used on input line 7.
(pdftex.def)             Requested size: 364.19473pt x 273.14581pt.
 [1

 <./gc-06-ChainRule.pdf{/var/lib/texmf/fonts/map/pdftex/updmap/pdftex.map}> <./
gc-06-ChainRule.pdf> <./gc-06-ChainRule.pdf> <./gc-06-ChainRule.pdf>]
<gc-06-ChainRule.pdf, id=64, page=5, 364.19562pt x 273.14648pt>
File: gc-06-ChainRule.pdf Graphic file (type pdf)

<use gc-06-ChainRule.pdf, page 5>
Package pdftex.def Info: gc-06-ChainRule.pdf, page5 used on input line 7.
(pdftex.def)             Requested size: 364.19473pt x 273.14581pt.
File: gc-06-ChainRule.pdf Graphic file (type pdf)
 <use gc-06-ChainRule.pdf, page 5>
Package pdftex.def Info: gc-06-ChainRule.pdf, page5 used on input line 7.
(pdftex.def)             Requested size: 364.19473pt x 273.14581pt.

<gc-06-ChainRule.pdf, id=65, page=6, 364.19562pt x 273.14648pt>
File: gc-06-ChainRule.pdf Graphic file (type pdf)

<use gc-06-ChainRule.pdf, page 6>
Package pdftex.def Info: gc-06-ChainRule.pdf, page6 used on input line 7.
(pdftex.def)             Requested size: 364.19473pt x 273.14581pt.
File: gc-06-ChainRule.pdf Graphic file (type pdf)
 <use gc-06-ChainRule.pdf, page 6>
Package pdftex.def Info: gc-06-ChainRule.pdf, page6 used on input line 7.
(pdftex.def)             Requested size: 364.19473pt x 273.14581pt.

<gc-06-ChainRule.pdf, id=66, page=7, 364.19562pt x 273.14648pt>
File: gc-06-ChainRule.pdf Graphic file (type pdf)

<use gc-06-ChainRule.pdf, page 7>
Package pdftex.def Info: gc-06-ChainRule.pdf, page7 used on input line 7.
(pdftex.def)             Requested size: 364.19473pt x 273.14581pt.
File: gc-06-ChainRule.pdf Graphic file (type pdf)
 <use gc-06-ChainRule.pdf, page 7>
Package pdftex.def Info: gc-06-ChainRule.pdf, page7 used on input line 7.
(pdftex.def)             Requested size: 364.19473pt x 273.14581pt.

<gc-06-ChainRule.pdf, id=67, page=8, 364.19562pt x 273.14648pt>
File: gc-06-ChainRule.pdf Graphic file (type pdf)

<use gc-06-ChainRule.pdf, page 8>
Package pdftex.def Info: gc-06-ChainRule.pdf, page8 used on input line 7.
(pdftex.def)             Requested size: 364.19473pt x 273.14581pt.
File: gc-06-ChainRule.pdf Graphic file (type pdf)
 <use gc-06-ChainRule.pdf, page 8>
Package pdftex.def Info: gc-06-ChainRule.pdf, page8 used on input line 7.
(pdftex.def)             Requested size: 364.19473pt x 273.14581pt.
File: gc-06-ChainRule.pdf Graphic file (type pdf)

<use gc-06-ChainRule.pdf, page 5>
Package pdftex.def Info: gc-06-ChainRule.pdf, page5 used on input line 7.
(pdftex.def)             Requested size: 364.19473pt x 273.14581pt.
File: gc-06-ChainRule.pdf Graphic file (type pdf)
 <use gc-06-ChainRule.pdf, page 6>
Package pdftex.def Info: gc-06-ChainRule.pdf, page6 used on input line 7.
(pdftex.def)             Requested size: 364.19473pt x 273.14581pt.
File: gc-06-ChainRule.pdf Graphic file (type pdf)

<use gc-06-ChainRule.pdf, page 7>
Package pdftex.def Info: gc-06-ChainRule.pdf, page7 used on input line 7.
(pdftex.def)             Requested size: 364.19473pt x 273.14581pt.
File: gc-06-ChainRule.pdf Graphic file (type pdf)
 <use gc-06-ChainRule.pdf, page 8>
Package pdftex.def Info: gc-06-ChainRule.pdf, page8 used on input line 7.
(pdftex.def)             Requested size: 364.19473pt x 273.14581pt.
 [2 <./gc-06-ChainRule.pdf> <./gc-06-ChainRule.pdf> <./gc-06-ChainRule.pdf> <./
gc-06-ChainRule.pdf>] <gc-06-ChainRule.pdf, id=75, page=9, 364.19562pt x 273.14
648pt>
File: gc-06-ChainRule.pdf Graphic file (type pdf)

<use gc-06-ChainRule.pdf, page 9>
Package pdftex.def Info: gc-06-ChainRule.pdf, page9 used on input line 7.
(pdftex.def)             Requested size: 364.19473pt x 273.14581pt.
File: gc-06-ChainRule.pdf Graphic file (type pdf)
 <use gc-06-ChainRule.pdf, page 9>
Package pdftex.def Info: gc-06-ChainRule.pdf, page9 used on input line 7.
(pdftex.def)             Requested size: 364.19473pt x 273.14581pt.

<gc-06-ChainRule.pdf, id=76, page=10, 364.19562pt x 273.14648pt>
File: gc-06-ChainRule.pdf Graphic file (type pdf)

<use gc-06-ChainRule.pdf, page 10>
Package pdftex.def Info: gc-06-ChainRule.pdf, page10 used on input line 7.
(pdftex.def)             Requested size: 364.19473pt x 273.14581pt.
File: gc-06-ChainRule.pdf Graphic file (type pdf)
 <use gc-06-ChainRule.pdf, page 10>
Package pdftex.def Info: gc-06-ChainRule.pdf, page10 used on input line 7.
(pdftex.def)             Requested size: 364.19473pt x 273.14581pt.

<gc-06-ChainRule.pdf, id=77, page=11, 364.19562pt x 273.14648pt>
File: gc-06-ChainRule.pdf Graphic file (type pdf)

<use gc-06-ChainRule.pdf, page 11>
Package pdftex.def Info: gc-06-ChainRule.pdf, page11 used on input line 7.
(pdftex.def)             Requested size: 364.19473pt x 273.14581pt.
File: gc-06-ChainRule.pdf Graphic file (type pdf)
 <use gc-06-ChainRule.pdf, page 11>
Package pdftex.def Info: gc-06-ChainRule.pdf, page11 used on input line 7.
(pdftex.def)             Requested size: 364.19473pt x 273.14581pt.

<gc-06-ChainRule.pdf, id=78, page=12, 364.19562pt x 273.14648pt>
File: gc-06-ChainRule.pdf Graphic file (type pdf)

<use gc-06-ChainRule.pdf, page 12>
Package pdftex.def Info: gc-06-ChainRule.pdf, page12 used on input line 7.
(pdftex.def)             Requested size: 364.19473pt x 273.14581pt.
File: gc-06-ChainRule.pdf Graphic file (type pdf)
 <use gc-06-ChainRule.pdf, page 12>
Package pdftex.def Info: gc-06-ChainRule.pdf, page12 used on input line 7.
(pdftex.def)             Requested size: 364.19473pt x 273.14581pt.
File: gc-06-ChainRule.pdf Graphic file (type pdf)

<use gc-06-ChainRule.pdf, page 9>
Package pdftex.def Info: gc-06-ChainRule.pdf, page9 used on input line 7.
(pdftex.def)             Requested size: 364.19473pt x 273.14581pt.
File: gc-06-ChainRule.pdf Graphic file (type pdf)
 <use gc-06-ChainRule.pdf, page 10>
Package pdftex.def Info: gc-06-ChainRule.pdf, page10 used on input line 7.
(pdftex.def)             Requested size: 364.19473pt x 273.14581pt.
File: gc-06-ChainRule.pdf Graphic file (type pdf)

<use gc-06-ChainRule.pdf, page 11>
Package pdftex.def Info: gc-06-ChainRule.pdf, page11 used on input line 7.
(pdftex.def)             Requested size: 364.19473pt x 273.14581pt.
File: gc-06-ChainRule.pdf Graphic file (type pdf)
 <use gc-06-ChainRule.pdf, page 12>
Package pdftex.def Info: gc-06-ChainRule.pdf, page12 used on input line 7.
(pdftex.def)             Requested size: 364.19473pt x 273.14581pt.
 [3 <./gc-06-ChainRule.pdf> <./gc-06-ChainRule.pdf> <./gc-06-ChainRule.pdf> <./
gc-06-ChainRule.pdf>] <gc-06-ChainRule.pdf, id=87, page=13, 364.19562pt x 273.1
4648pt>
File: gc-06-ChainRule.pdf Graphic file (type pdf)

<use gc-06-ChainRule.pdf, page 13>
Package pdftex.def Info: gc-06-ChainRule.pdf, page13 used on input line 7.
(pdftex.def)             Requested size: 364.19473pt x 273.14581pt.
File: gc-06-ChainRule.pdf Graphic file (type pdf)
 <use gc-06-ChainRule.pdf, page 13>
Package pdftex.def Info: gc-06-ChainRule.pdf, page13 used on input line 7.
(pdftex.def)             Requested size: 364.19473pt x 273.14581pt.

<gc-06-ChainRule.pdf, id=88, page=14, 364.19562pt x 273.14648pt>
File: gc-06-ChainRule.pdf Graphic file (type pdf)

<use gc-06-ChainRule.pdf, page 14>
Package pdftex.def Info: gc-06-ChainRule.pdf, page14 used on input line 7.
(pdftex.def)             Requested size: 364.19473pt x 273.14581pt.
File: gc-06-ChainRule.pdf Graphic file (type pdf)
 <use gc-06-ChainRule.pdf, page 14>
Package pdftex.def Info: gc-06-ChainRule.pdf, page14 used on input line 7.
(pdftex.def)             Requested size: 364.19473pt x 273.14581pt.

<gc-06-ChainRule.pdf, id=89, page=15, 364.19562pt x 273.14648pt>
File: gc-06-ChainRule.pdf Graphic file (type pdf)

<use gc-06-ChainRule.pdf, page 15>
Package pdftex.def Info: gc-06-ChainRule.pdf, page15 used on input line 7.
(pdftex.def)             Requested size: 364.19473pt x 273.14581pt.
File: gc-06-ChainRule.pdf Graphic file (type pdf)
 <use gc-06-ChainRule.pdf, page 15>
Package pdftex.def Info: gc-06-ChainRule.pdf, page15 used on input line 7.
(pdftex.def)             Requested size: 364.19473pt x 273.14581pt.

<gc-06-ChainRule.pdf, id=90, page=16, 364.19562pt x 273.14648pt>
File: gc-06-ChainRule.pdf Graphic file (type pdf)

<use gc-06-ChainRule.pdf, page 16>
Package pdftex.def Info: gc-06-ChainRule.pdf, page16 used on input line 7.
(pdftex.def)             Requested size: 364.19473pt x 273.14581pt.
File: gc-06-ChainRule.pdf Graphic file (type pdf)
 <use gc-06-ChainRule.pdf, page 16>
Package pdftex.def Info: gc-06-ChainRule.pdf, page16 used on input line 7.
(pdftex.def)             Requested size: 364.19473pt x 273.14581pt.
File: gc-06-ChainRule.pdf Graphic file (type pdf)

<use gc-06-ChainRule.pdf, page 13>
Package pdftex.def Info: gc-06-ChainRule.pdf, page13 used on input line 7.
(pdftex.def)             Requested size: 364.19473pt x 273.14581pt.
File: gc-06-ChainRule.pdf Graphic file (type pdf)
 <use gc-06-ChainRule.pdf, page 14>
Package pdftex.def Info: gc-06-ChainRule.pdf, page14 used on input line 7.
(pdftex.def)             Requested size: 364.19473pt x 273.14581pt.
File: gc-06-ChainRule.pdf Graphic file (type pdf)

<use gc-06-ChainRule.pdf, page 15>
Package pdftex.def Info: gc-06-ChainRule.pdf, page15 used on input line 7.
(pdftex.def)             Requested size: 364.19473pt x 273.14581pt.
File: gc-06-ChainRule.pdf Graphic file (type pdf)
 <use gc-06-ChainRule.pdf, page 16>
Package pdftex.def Info: gc-06-ChainRule.pdf, page16 used on input line 7.
(pdftex.def)             Requested size: 364.19473pt x 273.14581pt.
 [4 <./gc-06-ChainRule.pdf> <./gc-06-ChainRule.pdf> <./gc-06-ChainRule.pdf> <./
gc-06-ChainRule.pdf>] <gc-06-ChainRule.pdf, id=99, page=17, 364.19562pt x 273.1
4648pt>
File: gc-06-ChainRule.pdf Graphic file (type pdf)

<use gc-06-ChainRule.pdf, page 17>
Package pdftex.def Info: gc-06-ChainRule.pdf, page17 used on input line 7.
(pdftex.def)             Requested size: 364.19473pt x 273.14581pt.
File: gc-06-ChainRule.pdf Graphic file (type pdf)
 <use gc-06-ChainRule.pdf, page 17>
Package pdftex.def Info: gc-06-ChainRule.pdf, page17 used on input line 7.
(pdftex.def)             Requested size: 364.19473pt x 273.14581pt.

<gc-06-ChainRule.pdf, id=100, page=18, 364.19562pt x 273.14648pt>
File: gc-06-ChainRule.pdf Graphic file (type pdf)

<use gc-06-ChainRule.pdf, page 18>
Package pdftex.def Info: gc-06-ChainRule.pdf, page18 used on input line 7.
(pdftex.def)             Requested size: 364.19473pt x 273.14581pt.
File: gc-06-ChainRule.pdf Graphic file (type pdf)
 <use gc-06-ChainRule.pdf, page 18>
Package pdftex.def Info: gc-06-ChainRule.pdf, page18 used on input line 7.
(pdftex.def)             Requested size: 364.19473pt x 273.14581pt.

<gc-06-ChainRule.pdf, id=101, page=19, 364.19562pt x 273.14648pt>
File: gc-06-ChainRule.pdf Graphic file (type pdf)

<use gc-06-ChainRule.pdf, page 19>
Package pdftex.def Info: gc-06-ChainRule.pdf, page19 used on input line 7.
(pdftex.def)             Requested size: 364.19473pt x 273.14581pt.
File: gc-06-ChainRule.pdf Graphic file (type pdf)
 <use gc-06-ChainRule.pdf, page 19>
Package pdftex.def Info: gc-06-ChainRule.pdf, page19 used on input line 7.
(pdftex.def)             Requested size: 364.19473pt x 273.14581pt.
File: gc-06-ChainRule.pdf Graphic file (type pdf)

<use gc-06-ChainRule.pdf, page 1>
Package pdftex.def Info: gc-06-ChainRule.pdf, page1 used on input line 7.
(pdftex.def)             Requested size: 364.19473pt x 273.14581pt.
File: gc-06-ChainRule.pdf Graphic file (type pdf)
 <use gc-06-ChainRule.pdf, page 1>
Package pdftex.def Info: gc-06-ChainRule.pdf, page1 used on input line 7.
(pdftex.def)             Requested size: 364.19473pt x 273.14581pt.
File: gc-06-ChainRule.pdf Graphic file (type pdf)

<use gc-06-ChainRule.pdf, page 17>
Package pdftex.def Info: gc-06-ChainRule.pdf, page17 used on input line 7.
(pdftex.def)             Requested size: 364.19473pt x 273.14581pt.
File: gc-06-ChainRule.pdf Graphic file (type pdf)
 <use gc-06-ChainRule.pdf, page 18>
Package pdftex.def Info: gc-06-ChainRule.pdf, page18 used on input line 7.
(pdftex.def)             Requested size: 364.19473pt x 273.14581pt.
File: gc-06-ChainRule.pdf Graphic file (type pdf)

<use gc-06-ChainRule.pdf, page 19>
Package pdftex.def Info: gc-06-ChainRule.pdf, page19 used on input line 7.
(pdftex.def)             Requested size: 364.19473pt x 273.14581pt.
 [5 <./gc-06-ChainRule.pdf> <./gc-06-ChainRule.pdf> <./gc-06-ChainRule.pdf>] (.
/gc-06-ChainRule-handout.aux) ) 
Here is how much of TeX's memory you used:
 2810 strings out of 493029
 41393 string characters out of 6136234
 108004 words of memory out of 5000000
 6328 multiletter control sequences out of 15000+600000
 3640 words of font info for 14 fonts, out of 8000000 for 9000
 1141 hyphenation exceptions out of 8191
 41i,20n,50p,254b,453s stack positions out of 5000i,500n,10000p,200000b,80000s
</usr/share/texlive/texmf-dist/fonts/type1/publi
c/amsfonts/cm/cmex10.pfb></usr/share/texlive/texmf-dist/fonts/type1/public/amsf
onts/cm/cmmi10.pfb></usr/share/texlive/texmf-dist/fonts/type1/public/amsfonts/c
m/cmss10.pfb></usr/share/texlive/texmf-dist/fonts/type1/public/amsfonts/cm/cmss
12.pfb></usr/share/texlive/texmf-dist/fonts/type1/public/amsfonts/cm/cmss8.pfb>
</usr/share/texlive/texmf-dist/fonts/type1/public/amsfonts/cm/cmssbx10.pfb></us
r/share/texlive/texmf-dist/fonts/type1/public/amsfonts/cm/cmssi10.pfb></usr/sha
re/texlive/texmf-dist/fonts/type1/public/amsfonts/cm/cmssi8.pfb></usr/share/tex
live/texmf-dist/fonts/type1/public/amsfonts/cm/cmsy10.pfb></usr/share/texlive/t
exmf-dist/fonts/type1/public/amsfonts/cm/cmsy8.pfb>
Output written on gc-06-ChainRule-handout.pdf (5 pages, 125242 bytes).
PDF statistics:
 117 PDF objects out of 1000 (max. 8388607)
 70 compressed objects within 1 object stream
 0 named destinations out of 1000 (max. 500000)
 111 words of extra memory for PDF output out of 10000 (max. 10000000)

