This is pdfTeX, Version 3.14159265-2.6-1.40.17 (TeX Live 2016/Debian) (preloaded format=pdflatex 2017.4.18)  2 MAY 2018 08:13
entering extended mode
 restricted \write18 enabled.
 %&-line parsing enabled.
**gc-handout-15.tex
(./gc-handout-15.tex
LaTeX2e <2017/01/01> patch level 3
Babel <3.9r> and hyphenation patterns for 3 language(s) loaded.
(/usr/share/texlive/texmf-dist/tex/latex/base/article.cls
Document Class: article 2014/09/29 v1.4h Standard LaTeX document class
(/usr/share/texlive/texmf-dist/tex/latex/base/size10.clo
File: size10.clo 2014/09/29 v1.4h Standard LaTeX file (size option)
)
\c@part=\count79
\c@section=\count80
\c@subsection=\count81
\c@subsubsection=\count82
\c@paragraph=\count83
\c@subparagraph=\count84
\c@figure=\count85
\c@table=\count86
\abovecaptionskip=\skip41
\belowcaptionskip=\skip42
\bibindent=\dimen102
)
(/usr/share/texlive/texmf-dist/tex/latex/pdfpages/pdfpages.sty
Package: pdfpages 2017/01/14 v0.5h Insert pages of external PDF documents (AM)

(/usr/share/texlive/texmf-dist/tex/latex/base/ifthen.sty
Package: ifthen 2014/09/29 v1.1c Standard LaTeX ifthen package (DPC)
)
(/usr/share/texlive/texmf-dist/tex/latex/tools/calc.sty
Package: calc 2014/10/28 v4.3 Infix arithmetic (KKT,FJ)
\calc@Acount=\count87
\calc@Bcount=\count88
\calc@Adimen=\dimen103
\calc@Bdimen=\dimen104
\calc@Askip=\skip43
\calc@Bskip=\skip44
LaTeX Info: Redefining \setlength on input line 80.
LaTeX Info: Redefining \addtolength on input line 81.
\calc@Ccount=\count89
\calc@Cskip=\skip45
)
(/usr/share/texlive/texmf-dist/tex/latex/eso-pic/eso-pic.sty
Package: eso-pic 2015/07/21 v2.0g eso-pic (RN)

(/usr/share/texlive/texmf-dist/tex/generic/oberdiek/atbegshi.sty
Package: atbegshi 2016/06/09 v1.18 At begin shipout hook (HO)

(/usr/share/texlive/texmf-dist/tex/generic/oberdiek/infwarerr.sty
Package: infwarerr 2016/05/16 v1.4 Providing info/warning/error messages (HO)
)
(/usr/share/texlive/texmf-dist/tex/generic/oberdiek/ltxcmds.sty
Package: ltxcmds 2016/05/16 v1.23 LaTeX kernel commands for general use (HO)
)
(/usr/share/texlive/texmf-dist/tex/generic/oberdiek/ifpdf.sty
Package: ifpdf 2016/05/14 v3.1 Provides the ifpdf switch
))
(/usr/share/texlive/texmf-dist/tex/latex/graphics/keyval.sty
Package: keyval 2014/10/28 v1.15 key=value parser (DPC)
\KV@toks@=\toks14
)
(/usr/share/texlive/texmf-dist/tex/latex/xcolor/xcolor.sty
Package: xcolor 2016/05/11 v2.12 LaTeX color extensions (UK)

(/usr/share/texlive/texmf-dist/tex/latex/graphics-cfg/color.cfg
File: color.cfg 2016/01/02 v1.6 sample color configuration
)
Package xcolor Info: Driver file: pdftex.def on input line 225.

(/usr/share/texlive/texmf-dist/tex/latex/graphics-def/pdftex.def
File: pdftex.def 2017/01/12 v0.06k Graphics/color for pdfTeX
\Gread@gobject=\count90
)
Package xcolor Info: Model `cmy' substituted by `cmy0' on input line 1348.
Package xcolor Info: Model `hsb' substituted by `rgb' on input line 1352.
Package xcolor Info: Model `RGB' extended on input line 1364.
Package xcolor Info: Model `HTML' substituted by `rgb' on input line 1366.
Package xcolor Info: Model `Hsb' substituted by `hsb' on input line 1367.
Package xcolor Info: Model `tHsb' substituted by `hsb' on input line 1368.
Package xcolor Info: Model `HSB' substituted by `hsb' on input line 1369.
Package xcolor Info: Model `Gray' substituted by `gray' on input line 1370.
Package xcolor Info: Model `wave' substituted by `hsb' on input line 1371.
))
(/usr/share/texlive/texmf-dist/tex/latex/graphics/graphicx.sty
Package: graphicx 2014/10/28 v1.0g Enhanced LaTeX Graphics (DPC,SPQR)

(/usr/share/texlive/texmf-dist/tex/latex/graphics/graphics.sty
Package: graphics 2016/10/09 v1.0u Standard LaTeX Graphics (DPC,SPQR)

(/usr/share/texlive/texmf-dist/tex/latex/graphics/trig.sty
Package: trig 2016/01/03 v1.10 sin cos tan (DPC)
)
(/usr/share/texlive/texmf-dist/tex/latex/graphics-cfg/graphics.cfg
File: graphics.cfg 2016/06/04 v1.11 sample graphics configuration
)
Package graphics Info: Driver file: pdftex.def on input line 99.
)
\Gin@req@height=\dimen105
\Gin@req@width=\dimen106
)
\AM@pagewidth=\dimen107
\AM@pageheight=\dimen108

(/usr/share/texlive/texmf-dist/tex/latex/pdfpages/pppdftex.def
File: pppdftex.def 2017/01/14 v0.5h Pdfpages driver for pdfTeX (AM)
)
\AM@pagebox=\box26
\AM@global@opts=\toks15
\AM@toc@title=\toks16
\c@AM@survey=\count91
\AM@templatesizebox=\box27
)
(./gc-handout-15.aux)
\openout1 = `gc-handout-15.aux'.

LaTeX Font Info:    Checking defaults for OML/cmm/m/it on input line 3.
LaTeX Font Info:    ... okay on input line 3.
LaTeX Font Info:    Checking defaults for T1/cmr/m/n on input line 3.
LaTeX Font Info:    ... okay on input line 3.
LaTeX Font Info:    Checking defaults for OT1/cmr/m/n on input line 3.
LaTeX Font Info:    ... okay on input line 3.
LaTeX Font Info:    Checking defaults for OMS/cmsy/m/n on input line 3.
LaTeX Font Info:    ... okay on input line 3.
LaTeX Font Info:    Checking defaults for OMX/cmex/m/n on input line 3.
LaTeX Font Info:    ... okay on input line 3.
LaTeX Font Info:    Checking defaults for U/cmr/m/n on input line 3.
LaTeX Font Info:    ... okay on input line 3.
\AtBeginShipoutBox=\box28

(/usr/share/texlive/texmf-dist/tex/context/base/mkii/supp-pdf.mkii
[Loading MPS to PDF converter (version 2006.09.02).]
\scratchcounter=\count92
\scratchdimen=\dimen109
\scratchbox=\box29
\nofMPsegments=\count93
\nofMParguments=\count94
\everyMPshowfont=\toks17
\MPscratchCnt=\count95
\MPscratchDim=\dimen110
\MPnumerator=\count96
\makeMPintoPDFobject=\count97
\everyMPtoPDFconversion=\toks18
) (/usr/share/texlive/texmf-dist/tex/generic/oberdiek/pdftexcmds.sty
Package: pdftexcmds 2016/05/21 v0.22 Utility functions of pdfTeX for LuaTeX (HO
)

(/usr/share/texlive/texmf-dist/tex/generic/oberdiek/ifluatex.sty
Package: ifluatex 2016/05/16 v1.4 Provides the ifluatex switch (HO)
Package ifluatex Info: LuaTeX not detected.
)
Package pdftexcmds Info: LuaTeX not detected.
Package pdftexcmds Info: \pdf@primitive is available.
Package pdftexcmds Info: \pdf@ifprimitive is available.
Package pdftexcmds Info: \pdfdraftmode found.
)
(/usr/share/texlive/texmf-dist/tex/latex/oberdiek/epstopdf-base.sty
Package: epstopdf-base 2016/05/15 v2.6 Base part for package epstopdf

(/usr/share/texlive/texmf-dist/tex/latex/oberdiek/grfext.sty
Package: grfext 2016/05/16 v1.2 Manage graphics extensions (HO)

(/usr/share/texlive/texmf-dist/tex/generic/oberdiek/kvdefinekeys.sty
Package: kvdefinekeys 2016/05/16 v1.4 Define keys (HO)
))
(/usr/share/texlive/texmf-dist/tex/latex/oberdiek/kvoptions.sty
Package: kvoptions 2016/05/16 v3.12 Key value format for package options (HO)

(/usr/share/texlive/texmf-dist/tex/generic/oberdiek/kvsetkeys.sty
Package: kvsetkeys 2016/05/16 v1.17 Key value parser (HO)

(/usr/share/texlive/texmf-dist/tex/generic/oberdiek/etexcmds.sty
Package: etexcmds 2016/05/16 v1.6 Avoid name clashes with e-TeX commands (HO)
Package etexcmds Info: Could not find \expanded.
(etexcmds)             That can mean that you are not using pdfTeX 1.50 or
(etexcmds)             that some package has redefined \expanded.
(etexcmds)             In the latter case, load this package earlier.
)))
Package epstopdf-base Info: Redefining graphics rule for `.eps' on input line 4
38.
Package grfext Info: Graphics extension search list:
(grfext)             [.png,.pdf,.jpg,.mps,.jpeg,.jbig2,.jb2,.PNG,.PDF,.JPG,.JPE
G,.JBIG2,.JB2,.eps]
(grfext)             \AppendGraphicsExtensions on input line 456.

(/usr/share/texlive/texmf-dist/tex/latex/latexconfig/epstopdf-sys.cfg
File: epstopdf-sys.cfg 2010/07/13 v1.3 Configuration of (r)epstopdf for TeX Liv
e
))
(/usr/share/texlive/texmf-dist/tex/latex/oberdiek/pdflscape.sty
Package: pdflscape 2016/05/14 v0.11 Display of landscape pages in PDF (HO)

(/usr/share/texlive/texmf-dist/tex/latex/graphics/lscape.sty
Package: lscape 2000/10/22 v3.01 Landscape Pages (DPC)
)
Package pdflscape Info: Auto-detected driver: pdftex on input line 81.

(/usr/share/texlive/texmf-dist/tex/generic/ifxetex/ifxetex.sty
Package: ifxetex 2010/09/12 v0.6 Provides ifxetex conditional
))
<gc-15-Taylor.pdf, id=1, 364.19562pt x 273.14648pt>
File: gc-15-Taylor.pdf Graphic file (type pdf)
 <use gc-15-Taylor.pdf>
Package pdftex.def Info: gc-15-Taylor.pdf used on input line 4.
(pdftex.def)             Requested size: 364.19473pt x 273.14581pt.
File: gc-15-Taylor.pdf Graphic file (type pdf)

<use gc-15-Taylor.pdf>
Package pdftex.def Info: gc-15-Taylor.pdf used on input line 4.
(pdftex.def)             Requested size: 364.19473pt x 273.14581pt.

<gc-15-Taylor.pdf, id=4, page=1, 364.19562pt x 273.14648pt>
File: gc-15-Taylor.pdf Graphic file (type pdf)

<use gc-15-Taylor.pdf, page 1>
Package pdftex.def Info: gc-15-Taylor.pdf, page1 used on input line 4.
(pdftex.def)             Requested size: 437.03256pt x 327.77414pt.
File: gc-15-Taylor.pdf Graphic file (type pdf)
 <use gc-15-Taylor.pdf, page 1>
Package pdftex.def Info: gc-15-Taylor.pdf, page1 used on input line 4.
(pdftex.def)             Requested size: 437.03256pt x 327.77414pt.
File: gc-15-Taylor.pdf Graphic file (type pdf)

<use gc-15-Taylor.pdf, page 1>
Package pdftex.def Info: gc-15-Taylor.pdf, page1 used on input line 4.
(pdftex.def)             Requested size: 437.03256pt x 327.77414pt.

<gc-15-Taylor.pdf, id=5, page=2, 364.19562pt x 273.14648pt>
File: gc-15-Taylor.pdf Graphic file (type pdf)

<use gc-15-Taylor.pdf, page 2>
Package pdftex.def Info: gc-15-Taylor.pdf, page2 used on input line 4.
(pdftex.def)             Requested size: 437.03256pt x 327.77414pt.
File: gc-15-Taylor.pdf Graphic file (type pdf)
 <use gc-15-Taylor.pdf, page 2>
Package pdftex.def Info: gc-15-Taylor.pdf, page2 used on input line 4.
(pdftex.def)             Requested size: 437.03256pt x 327.77414pt.

<gc-15-Taylor.pdf, id=6, page=3, 364.19562pt x 273.14648pt>
File: gc-15-Taylor.pdf Graphic file (type pdf)

<use gc-15-Taylor.pdf, page 3>
Package pdftex.def Info: gc-15-Taylor.pdf, page3 used on input line 4.
(pdftex.def)             Requested size: 437.03256pt x 327.77414pt.
File: gc-15-Taylor.pdf Graphic file (type pdf)
 <use gc-15-Taylor.pdf, page 3>
Package pdftex.def Info: gc-15-Taylor.pdf, page3 used on input line 4.
(pdftex.def)             Requested size: 437.03256pt x 327.77414pt.

<gc-15-Taylor.pdf, id=7, page=4, 364.19562pt x 273.14648pt>
File: gc-15-Taylor.pdf Graphic file (type pdf)

<use gc-15-Taylor.pdf, page 4>
Package pdftex.def Info: gc-15-Taylor.pdf, page4 used on input line 4.
(pdftex.def)             Requested size: 437.03256pt x 327.77414pt.
File: gc-15-Taylor.pdf Graphic file (type pdf)
 <use gc-15-Taylor.pdf, page 4>
Package pdftex.def Info: gc-15-Taylor.pdf, page4 used on input line 4.
(pdftex.def)             Requested size: 437.03256pt x 327.77414pt.
File: gc-15-Taylor.pdf Graphic file (type pdf)

<use gc-15-Taylor.pdf, page 1>
Package pdftex.def Info: gc-15-Taylor.pdf, page1 used on input line 4.
(pdftex.def)             Requested size: 437.03256pt x 327.77414pt.
File: gc-15-Taylor.pdf Graphic file (type pdf)
 <use gc-15-Taylor.pdf, page 2>
Package pdftex.def Info: gc-15-Taylor.pdf, page2 used on input line 4.
(pdftex.def)             Requested size: 437.03256pt x 327.77414pt.
File: gc-15-Taylor.pdf Graphic file (type pdf)

<use gc-15-Taylor.pdf, page 3>
Package pdftex.def Info: gc-15-Taylor.pdf, page3 used on input line 4.
(pdftex.def)             Requested size: 437.03256pt x 327.77414pt.
File: gc-15-Taylor.pdf Graphic file (type pdf)
 <use gc-15-Taylor.pdf, page 4>
Package pdftex.def Info: gc-15-Taylor.pdf, page4 used on input line 4.
(pdftex.def)             Requested size: 437.03256pt x 327.77414pt.
 [1

 <./gc-15-Taylor.pdf{/var/lib/texmf/fonts/map/pdftex/updmap/pdftex.map}> <./gc-
15-Taylor.pdf> <./gc-15-Taylor.pdf> <./gc-15-Taylor.pdf>]
<gc-15-Taylor.pdf, id=76, page=5, 364.19562pt x 273.14648pt>
File: gc-15-Taylor.pdf Graphic file (type pdf)

<use gc-15-Taylor.pdf, page 5>
Package pdftex.def Info: gc-15-Taylor.pdf, page5 used on input line 4.
(pdftex.def)             Requested size: 437.03256pt x 327.77414pt.
File: gc-15-Taylor.pdf Graphic file (type pdf)
 <use gc-15-Taylor.pdf, page 5>
Package pdftex.def Info: gc-15-Taylor.pdf, page5 used on input line 4.
(pdftex.def)             Requested size: 437.03256pt x 327.77414pt.

<gc-15-Taylor.pdf, id=77, page=6, 364.19562pt x 273.14648pt>
File: gc-15-Taylor.pdf Graphic file (type pdf)

<use gc-15-Taylor.pdf, page 6>
Package pdftex.def Info: gc-15-Taylor.pdf, page6 used on input line 4.
(pdftex.def)             Requested size: 437.03256pt x 327.77414pt.
File: gc-15-Taylor.pdf Graphic file (type pdf)
 <use gc-15-Taylor.pdf, page 6>
Package pdftex.def Info: gc-15-Taylor.pdf, page6 used on input line 4.
(pdftex.def)             Requested size: 437.03256pt x 327.77414pt.

<gc-15-Taylor.pdf, id=78, page=7, 364.19562pt x 273.14648pt>
File: gc-15-Taylor.pdf Graphic file (type pdf)

<use gc-15-Taylor.pdf, page 7>
Package pdftex.def Info: gc-15-Taylor.pdf, page7 used on input line 4.
(pdftex.def)             Requested size: 437.03256pt x 327.77414pt.
File: gc-15-Taylor.pdf Graphic file (type pdf)
 <use gc-15-Taylor.pdf, page 7>
Package pdftex.def Info: gc-15-Taylor.pdf, page7 used on input line 4.
(pdftex.def)             Requested size: 437.03256pt x 327.77414pt.

<gc-15-Taylor.pdf, id=79, page=8, 364.19562pt x 273.14648pt>
File: gc-15-Taylor.pdf Graphic file (type pdf)

<use gc-15-Taylor.pdf, page 8>
Package pdftex.def Info: gc-15-Taylor.pdf, page8 used on input line 4.
(pdftex.def)             Requested size: 437.03256pt x 327.77414pt.
File: gc-15-Taylor.pdf Graphic file (type pdf)
 <use gc-15-Taylor.pdf, page 8>
Package pdftex.def Info: gc-15-Taylor.pdf, page8 used on input line 4.
(pdftex.def)             Requested size: 437.03256pt x 327.77414pt.
File: gc-15-Taylor.pdf Graphic file (type pdf)

<use gc-15-Taylor.pdf, page 5>
Package pdftex.def Info: gc-15-Taylor.pdf, page5 used on input line 4.
(pdftex.def)             Requested size: 437.03256pt x 327.77414pt.
File: gc-15-Taylor.pdf Graphic file (type pdf)
 <use gc-15-Taylor.pdf, page 6>
Package pdftex.def Info: gc-15-Taylor.pdf, page6 used on input line 4.
(pdftex.def)             Requested size: 437.03256pt x 327.77414pt.
File: gc-15-Taylor.pdf Graphic file (type pdf)

<use gc-15-Taylor.pdf, page 7>
Package pdftex.def Info: gc-15-Taylor.pdf, page7 used on input line 4.
(pdftex.def)             Requested size: 437.03256pt x 327.77414pt.
File: gc-15-Taylor.pdf Graphic file (type pdf)
 <use gc-15-Taylor.pdf, page 8>
Package pdftex.def Info: gc-15-Taylor.pdf, page8 used on input line 4.
(pdftex.def)             Requested size: 437.03256pt x 327.77414pt.
 [2 <./gc-15-Taylor.pdf> <./gc-15-Taylor.pdf> <./gc-15-Taylor.pdf> <./gc-15-Tay
lor.pdf>]
<gc-15-Taylor.pdf, id=96, page=9, 364.19562pt x 273.14648pt>
File: gc-15-Taylor.pdf Graphic file (type pdf)

<use gc-15-Taylor.pdf, page 9>
Package pdftex.def Info: gc-15-Taylor.pdf, page9 used on input line 4.
(pdftex.def)             Requested size: 437.03256pt x 327.77414pt.
File: gc-15-Taylor.pdf Graphic file (type pdf)
 <use gc-15-Taylor.pdf, page 9>
Package pdftex.def Info: gc-15-Taylor.pdf, page9 used on input line 4.
(pdftex.def)             Requested size: 437.03256pt x 327.77414pt.

<gc-15-Taylor.pdf, id=97, page=10, 364.19562pt x 273.14648pt>
File: gc-15-Taylor.pdf Graphic file (type pdf)

<use gc-15-Taylor.pdf, page 10>
Package pdftex.def Info: gc-15-Taylor.pdf, page10 used on input line 4.
(pdftex.def)             Requested size: 437.03256pt x 327.77414pt.
File: gc-15-Taylor.pdf Graphic file (type pdf)
 <use gc-15-Taylor.pdf, page 10>
Package pdftex.def Info: gc-15-Taylor.pdf, page10 used on input line 4.
(pdftex.def)             Requested size: 437.03256pt x 327.77414pt.

<gc-15-Taylor.pdf, id=98, page=11, 364.19562pt x 273.14648pt>
File: gc-15-Taylor.pdf Graphic file (type pdf)

<use gc-15-Taylor.pdf, page 11>
Package pdftex.def Info: gc-15-Taylor.pdf, page11 used on input line 4.
(pdftex.def)             Requested size: 437.03256pt x 327.77414pt.
File: gc-15-Taylor.pdf Graphic file (type pdf)
 <use gc-15-Taylor.pdf, page 11>
Package pdftex.def Info: gc-15-Taylor.pdf, page11 used on input line 4.
(pdftex.def)             Requested size: 437.03256pt x 327.77414pt.

<gc-15-Taylor.pdf, id=99, page=12, 364.19562pt x 273.14648pt>
File: gc-15-Taylor.pdf Graphic file (type pdf)

<use gc-15-Taylor.pdf, page 12>
Package pdftex.def Info: gc-15-Taylor.pdf, page12 used on input line 4.
(pdftex.def)             Requested size: 437.03256pt x 327.77414pt.
File: gc-15-Taylor.pdf Graphic file (type pdf)
 <use gc-15-Taylor.pdf, page 12>
Package pdftex.def Info: gc-15-Taylor.pdf, page12 used on input line 4.
(pdftex.def)             Requested size: 437.03256pt x 327.77414pt.
File: gc-15-Taylor.pdf Graphic file (type pdf)

<use gc-15-Taylor.pdf, page 9>
Package pdftex.def Info: gc-15-Taylor.pdf, page9 used on input line 4.
(pdftex.def)             Requested size: 437.03256pt x 327.77414pt.
File: gc-15-Taylor.pdf Graphic file (type pdf)
 <use gc-15-Taylor.pdf, page 10>
Package pdftex.def Info: gc-15-Taylor.pdf, page10 used on input line 4.
(pdftex.def)             Requested size: 437.03256pt x 327.77414pt.
File: gc-15-Taylor.pdf Graphic file (type pdf)

<use gc-15-Taylor.pdf, page 11>
Package pdftex.def Info: gc-15-Taylor.pdf, page11 used on input line 4.
(pdftex.def)             Requested size: 437.03256pt x 327.77414pt.
File: gc-15-Taylor.pdf Graphic file (type pdf)
 <use gc-15-Taylor.pdf, page 12>
Package pdftex.def Info: gc-15-Taylor.pdf, page12 used on input line 4.
(pdftex.def)             Requested size: 437.03256pt x 327.77414pt.
 [3 <./gc-15-Taylor.pdf> <./gc-15-Taylor.pdf> <./gc-15-Taylor.pdf> <./gc-15-Tay
lor.pdf>]
<gc-15-Taylor.pdf, id=103, page=13, 364.19562pt x 273.14648pt>
File: gc-15-Taylor.pdf Graphic file (type pdf)

<use gc-15-Taylor.pdf, page 13>
Package pdftex.def Info: gc-15-Taylor.pdf, page13 used on input line 4.
(pdftex.def)             Requested size: 437.03256pt x 327.77414pt.
File: gc-15-Taylor.pdf Graphic file (type pdf)
 <use gc-15-Taylor.pdf, page 13>
Package pdftex.def Info: gc-15-Taylor.pdf, page13 used on input line 4.
(pdftex.def)             Requested size: 437.03256pt x 327.77414pt.

<gc-15-Taylor.pdf, id=104, page=14, 364.19562pt x 273.14648pt>
File: gc-15-Taylor.pdf Graphic file (type pdf)

<use gc-15-Taylor.pdf, page 14>
Package pdftex.def Info: gc-15-Taylor.pdf, page14 used on input line 4.
(pdftex.def)             Requested size: 437.03256pt x 327.77414pt.
File: gc-15-Taylor.pdf Graphic file (type pdf)
 <use gc-15-Taylor.pdf, page 14>
Package pdftex.def Info: gc-15-Taylor.pdf, page14 used on input line 4.
(pdftex.def)             Requested size: 437.03256pt x 327.77414pt.

<gc-15-Taylor.pdf, id=105, page=15, 364.19562pt x 273.14648pt>
File: gc-15-Taylor.pdf Graphic file (type pdf)

<use gc-15-Taylor.pdf, page 15>
Package pdftex.def Info: gc-15-Taylor.pdf, page15 used on input line 4.
(pdftex.def)             Requested size: 437.03256pt x 327.77414pt.
File: gc-15-Taylor.pdf Graphic file (type pdf)
 <use gc-15-Taylor.pdf, page 15>
Package pdftex.def Info: gc-15-Taylor.pdf, page15 used on input line 4.
(pdftex.def)             Requested size: 437.03256pt x 327.77414pt.

<gc-15-Taylor.pdf, id=106, page=16, 364.19562pt x 273.14648pt>
File: gc-15-Taylor.pdf Graphic file (type pdf)

<use gc-15-Taylor.pdf, page 16>
Package pdftex.def Info: gc-15-Taylor.pdf, page16 used on input line 4.
(pdftex.def)             Requested size: 437.03256pt x 327.77414pt.
File: gc-15-Taylor.pdf Graphic file (type pdf)
 <use gc-15-Taylor.pdf, page 16>
Package pdftex.def Info: gc-15-Taylor.pdf, page16 used on input line 4.
(pdftex.def)             Requested size: 437.03256pt x 327.77414pt.
File: gc-15-Taylor.pdf Graphic file (type pdf)

<use gc-15-Taylor.pdf, page 13>
Package pdftex.def Info: gc-15-Taylor.pdf, page13 used on input line 4.
(pdftex.def)             Requested size: 437.03256pt x 327.77414pt.
File: gc-15-Taylor.pdf Graphic file (type pdf)
 <use gc-15-Taylor.pdf, page 14>
Package pdftex.def Info: gc-15-Taylor.pdf, page14 used on input line 4.
(pdftex.def)             Requested size: 437.03256pt x 327.77414pt.
File: gc-15-Taylor.pdf Graphic file (type pdf)

<use gc-15-Taylor.pdf, page 15>
Package pdftex.def Info: gc-15-Taylor.pdf, page15 used on input line 4.
(pdftex.def)             Requested size: 437.03256pt x 327.77414pt.
File: gc-15-Taylor.pdf Graphic file (type pdf)
 <use gc-15-Taylor.pdf, page 16>
Package pdftex.def Info: gc-15-Taylor.pdf, page16 used on input line 4.
(pdftex.def)             Requested size: 437.03256pt x 327.77414pt.
 [4 <./gc-15-Taylor.pdf> <./gc-15-Taylor.pdf> <./gc-15-Taylor.pdf> <./gc-15-Tay
lor.pdf>]
<gc-15-Taylor.pdf, id=112, page=17, 364.19562pt x 273.14648pt>
File: gc-15-Taylor.pdf Graphic file (type pdf)

<use gc-15-Taylor.pdf, page 17>
Package pdftex.def Info: gc-15-Taylor.pdf, page17 used on input line 4.
(pdftex.def)             Requested size: 437.03256pt x 327.77414pt.
File: gc-15-Taylor.pdf Graphic file (type pdf)
 <use gc-15-Taylor.pdf, page 17>
Package pdftex.def Info: gc-15-Taylor.pdf, page17 used on input line 4.
(pdftex.def)             Requested size: 437.03256pt x 327.77414pt.

<gc-15-Taylor.pdf, id=113, page=18, 364.19562pt x 273.14648pt>
File: gc-15-Taylor.pdf Graphic file (type pdf)

<use gc-15-Taylor.pdf, page 18>
Package pdftex.def Info: gc-15-Taylor.pdf, page18 used on input line 4.
(pdftex.def)             Requested size: 437.03256pt x 327.77414pt.
File: gc-15-Taylor.pdf Graphic file (type pdf)
 <use gc-15-Taylor.pdf, page 18>
Package pdftex.def Info: gc-15-Taylor.pdf, page18 used on input line 4.
(pdftex.def)             Requested size: 437.03256pt x 327.77414pt.

<gc-15-Taylor.pdf, id=114, page=19, 364.19562pt x 273.14648pt>
File: gc-15-Taylor.pdf Graphic file (type pdf)

<use gc-15-Taylor.pdf, page 19>
Package pdftex.def Info: gc-15-Taylor.pdf, page19 used on input line 4.
(pdftex.def)             Requested size: 437.03256pt x 327.77414pt.
File: gc-15-Taylor.pdf Graphic file (type pdf)
 <use gc-15-Taylor.pdf, page 19>
Package pdftex.def Info: gc-15-Taylor.pdf, page19 used on input line 4.
(pdftex.def)             Requested size: 437.03256pt x 327.77414pt.

<gc-15-Taylor.pdf, id=115, page=20, 364.19562pt x 273.14648pt>
File: gc-15-Taylor.pdf Graphic file (type pdf)

<use gc-15-Taylor.pdf, page 20>
Package pdftex.def Info: gc-15-Taylor.pdf, page20 used on input line 4.
(pdftex.def)             Requested size: 437.03256pt x 327.77414pt.
File: gc-15-Taylor.pdf Graphic file (type pdf)
 <use gc-15-Taylor.pdf, page 20>
Package pdftex.def Info: gc-15-Taylor.pdf, page20 used on input line 4.
(pdftex.def)             Requested size: 437.03256pt x 327.77414pt.
File: gc-15-Taylor.pdf Graphic file (type pdf)

<use gc-15-Taylor.pdf, page 17>
Package pdftex.def Info: gc-15-Taylor.pdf, page17 used on input line 4.
(pdftex.def)             Requested size: 437.03256pt x 327.77414pt.
File: gc-15-Taylor.pdf Graphic file (type pdf)
 <use gc-15-Taylor.pdf, page 18>
Package pdftex.def Info: gc-15-Taylor.pdf, page18 used on input line 4.
(pdftex.def)             Requested size: 437.03256pt x 327.77414pt.
File: gc-15-Taylor.pdf Graphic file (type pdf)

<use gc-15-Taylor.pdf, page 19>
Package pdftex.def Info: gc-15-Taylor.pdf, page19 used on input line 4.
(pdftex.def)             Requested size: 437.03256pt x 327.77414pt.
File: gc-15-Taylor.pdf Graphic file (type pdf)
 <use gc-15-Taylor.pdf, page 20>
Package pdftex.def Info: gc-15-Taylor.pdf, page20 used on input line 4.
(pdftex.def)             Requested size: 437.03256pt x 327.77414pt.
 [5 <./gc-15-Taylor.pdf> <./gc-15-Taylor.pdf> <./gc-15-Taylor.pdf> <./gc-15-Tay
lor.pdf>]
<gc-15-Taylor.pdf, id=124, page=21, 364.19562pt x 273.14648pt>
File: gc-15-Taylor.pdf Graphic file (type pdf)

<use gc-15-Taylor.pdf, page 21>
Package pdftex.def Info: gc-15-Taylor.pdf, page21 used on input line 4.
(pdftex.def)             Requested size: 437.03256pt x 327.77414pt.
File: gc-15-Taylor.pdf Graphic file (type pdf)
 <use gc-15-Taylor.pdf, page 21>
Package pdftex.def Info: gc-15-Taylor.pdf, page21 used on input line 4.
(pdftex.def)             Requested size: 437.03256pt x 327.77414pt.

<gc-15-Taylor.pdf, id=125, page=22, 364.19562pt x 273.14648pt>
File: gc-15-Taylor.pdf Graphic file (type pdf)

<use gc-15-Taylor.pdf, page 22>
Package pdftex.def Info: gc-15-Taylor.pdf, page22 used on input line 4.
(pdftex.def)             Requested size: 437.03256pt x 327.77414pt.
File: gc-15-Taylor.pdf Graphic file (type pdf)
 <use gc-15-Taylor.pdf, page 22>
Package pdftex.def Info: gc-15-Taylor.pdf, page22 used on input line 4.
(pdftex.def)             Requested size: 437.03256pt x 327.77414pt.

<gc-15-Taylor.pdf, id=126, page=23, 364.19562pt x 273.14648pt>
File: gc-15-Taylor.pdf Graphic file (type pdf)

<use gc-15-Taylor.pdf, page 23>
Package pdftex.def Info: gc-15-Taylor.pdf, page23 used on input line 4.
(pdftex.def)             Requested size: 437.03256pt x 327.77414pt.
File: gc-15-Taylor.pdf Graphic file (type pdf)
 <use gc-15-Taylor.pdf, page 23>
Package pdftex.def Info: gc-15-Taylor.pdf, page23 used on input line 4.
(pdftex.def)             Requested size: 437.03256pt x 327.77414pt.

<gc-15-Taylor.pdf, id=127, page=24, 364.19562pt x 273.14648pt>
File: gc-15-Taylor.pdf Graphic file (type pdf)

<use gc-15-Taylor.pdf, page 24>
Package pdftex.def Info: gc-15-Taylor.pdf, page24 used on input line 4.
(pdftex.def)             Requested size: 437.03256pt x 327.77414pt.
File: gc-15-Taylor.pdf Graphic file (type pdf)
 <use gc-15-Taylor.pdf, page 24>
Package pdftex.def Info: gc-15-Taylor.pdf, page24 used on input line 4.
(pdftex.def)             Requested size: 437.03256pt x 327.77414pt.
File: gc-15-Taylor.pdf Graphic file (type pdf)

<use gc-15-Taylor.pdf, page 21>
Package pdftex.def Info: gc-15-Taylor.pdf, page21 used on input line 4.
(pdftex.def)             Requested size: 437.03256pt x 327.77414pt.
File: gc-15-Taylor.pdf Graphic file (type pdf)
 <use gc-15-Taylor.pdf, page 22>
Package pdftex.def Info: gc-15-Taylor.pdf, page22 used on input line 4.
(pdftex.def)             Requested size: 437.03256pt x 327.77414pt.
File: gc-15-Taylor.pdf Graphic file (type pdf)

<use gc-15-Taylor.pdf, page 23>
Package pdftex.def Info: gc-15-Taylor.pdf, page23 used on input line 4.
(pdftex.def)             Requested size: 437.03256pt x 327.77414pt.
File: gc-15-Taylor.pdf Graphic file (type pdf)
 <use gc-15-Taylor.pdf, page 24>
Package pdftex.def Info: gc-15-Taylor.pdf, page24 used on input line 4.
(pdftex.def)             Requested size: 437.03256pt x 327.77414pt.
 [6 <./gc-15-Taylor.pdf> <./gc-15-Taylor.pdf> <./gc-15-Taylor.pdf> <./gc-15-Tay
lor.pdf>]
<gc-15-Taylor.pdf, id=133, page=25, 364.19562pt x 273.14648pt>
File: gc-15-Taylor.pdf Graphic file (type pdf)

<use gc-15-Taylor.pdf, page 25>
Package pdftex.def Info: gc-15-Taylor.pdf, page25 used on input line 4.
(pdftex.def)             Requested size: 437.03256pt x 327.77414pt.
File: gc-15-Taylor.pdf Graphic file (type pdf)
 <use gc-15-Taylor.pdf, page 25>
Package pdftex.def Info: gc-15-Taylor.pdf, page25 used on input line 4.
(pdftex.def)             Requested size: 437.03256pt x 327.77414pt.

<gc-15-Taylor.pdf, id=134, page=26, 364.19562pt x 273.14648pt>
File: gc-15-Taylor.pdf Graphic file (type pdf)

<use gc-15-Taylor.pdf, page 26>
Package pdftex.def Info: gc-15-Taylor.pdf, page26 used on input line 4.
(pdftex.def)             Requested size: 437.03256pt x 327.77414pt.
File: gc-15-Taylor.pdf Graphic file (type pdf)
 <use gc-15-Taylor.pdf, page 26>
Package pdftex.def Info: gc-15-Taylor.pdf, page26 used on input line 4.
(pdftex.def)             Requested size: 437.03256pt x 327.77414pt.

<gc-15-Taylor.pdf, id=135, page=27, 364.19562pt x 273.14648pt>
File: gc-15-Taylor.pdf Graphic file (type pdf)

<use gc-15-Taylor.pdf, page 27>
Package pdftex.def Info: gc-15-Taylor.pdf, page27 used on input line 4.
(pdftex.def)             Requested size: 437.03256pt x 327.77414pt.
File: gc-15-Taylor.pdf Graphic file (type pdf)
 <use gc-15-Taylor.pdf, page 27>
Package pdftex.def Info: gc-15-Taylor.pdf, page27 used on input line 4.
(pdftex.def)             Requested size: 437.03256pt x 327.77414pt.

<gc-15-Taylor.pdf, id=136, page=28, 364.19562pt x 273.14648pt>
File: gc-15-Taylor.pdf Graphic file (type pdf)

<use gc-15-Taylor.pdf, page 28>
Package pdftex.def Info: gc-15-Taylor.pdf, page28 used on input line 4.
(pdftex.def)             Requested size: 437.03256pt x 327.77414pt.
File: gc-15-Taylor.pdf Graphic file (type pdf)
 <use gc-15-Taylor.pdf, page 28>
Package pdftex.def Info: gc-15-Taylor.pdf, page28 used on input line 4.
(pdftex.def)             Requested size: 437.03256pt x 327.77414pt.
File: gc-15-Taylor.pdf Graphic file (type pdf)

<use gc-15-Taylor.pdf, page 25>
Package pdftex.def Info: gc-15-Taylor.pdf, page25 used on input line 4.
(pdftex.def)             Requested size: 437.03256pt x 327.77414pt.
File: gc-15-Taylor.pdf Graphic file (type pdf)
 <use gc-15-Taylor.pdf, page 26>
Package pdftex.def Info: gc-15-Taylor.pdf, page26 used on input line 4.
(pdftex.def)             Requested size: 437.03256pt x 327.77414pt.
File: gc-15-Taylor.pdf Graphic file (type pdf)

<use gc-15-Taylor.pdf, page 27>
Package pdftex.def Info: gc-15-Taylor.pdf, page27 used on input line 4.
(pdftex.def)             Requested size: 437.03256pt x 327.77414pt.
File: gc-15-Taylor.pdf Graphic file (type pdf)
 <use gc-15-Taylor.pdf, page 28>
Package pdftex.def Info: gc-15-Taylor.pdf, page28 used on input line 4.
(pdftex.def)             Requested size: 437.03256pt x 327.77414pt.
 [7 <./gc-15-Taylor.pdf> <./gc-15-Taylor.pdf> <./gc-15-Taylor.pdf> <./gc-15-Tay
lor.pdf>]
<gc-15-Taylor.pdf, id=142, page=29, 364.19562pt x 273.14648pt>
File: gc-15-Taylor.pdf Graphic file (type pdf)

<use gc-15-Taylor.pdf, page 29>
Package pdftex.def Info: gc-15-Taylor.pdf, page29 used on input line 4.
(pdftex.def)             Requested size: 437.03256pt x 327.77414pt.
File: gc-15-Taylor.pdf Graphic file (type pdf)
 <use gc-15-Taylor.pdf, page 29>
Package pdftex.def Info: gc-15-Taylor.pdf, page29 used on input line 4.
(pdftex.def)             Requested size: 437.03256pt x 327.77414pt.

<gc-15-Taylor.pdf, id=143, page=30, 364.19562pt x 273.14648pt>
File: gc-15-Taylor.pdf Graphic file (type pdf)

<use gc-15-Taylor.pdf, page 30>
Package pdftex.def Info: gc-15-Taylor.pdf, page30 used on input line 4.
(pdftex.def)             Requested size: 437.03256pt x 327.77414pt.
File: gc-15-Taylor.pdf Graphic file (type pdf)
 <use gc-15-Taylor.pdf, page 30>
Package pdftex.def Info: gc-15-Taylor.pdf, page30 used on input line 4.
(pdftex.def)             Requested size: 437.03256pt x 327.77414pt.

<gc-15-Taylor.pdf, id=144, page=31, 364.19562pt x 273.14648pt>
File: gc-15-Taylor.pdf Graphic file (type pdf)

<use gc-15-Taylor.pdf, page 31>
Package pdftex.def Info: gc-15-Taylor.pdf, page31 used on input line 4.
(pdftex.def)             Requested size: 437.03256pt x 327.77414pt.
File: gc-15-Taylor.pdf Graphic file (type pdf)
 <use gc-15-Taylor.pdf, page 31>
Package pdftex.def Info: gc-15-Taylor.pdf, page31 used on input line 4.
(pdftex.def)             Requested size: 437.03256pt x 327.77414pt.

<gc-15-Taylor.pdf, id=145, page=32, 364.19562pt x 273.14648pt>
File: gc-15-Taylor.pdf Graphic file (type pdf)

<use gc-15-Taylor.pdf, page 32>
Package pdftex.def Info: gc-15-Taylor.pdf, page32 used on input line 4.
(pdftex.def)             Requested size: 437.03256pt x 327.77414pt.
File: gc-15-Taylor.pdf Graphic file (type pdf)
 <use gc-15-Taylor.pdf, page 32>
Package pdftex.def Info: gc-15-Taylor.pdf, page32 used on input line 4.
(pdftex.def)             Requested size: 437.03256pt x 327.77414pt.
File: gc-15-Taylor.pdf Graphic file (type pdf)

<use gc-15-Taylor.pdf, page 29>
Package pdftex.def Info: gc-15-Taylor.pdf, page29 used on input line 4.
(pdftex.def)             Requested size: 437.03256pt x 327.77414pt.
File: gc-15-Taylor.pdf Graphic file (type pdf)
 <use gc-15-Taylor.pdf, page 30>
Package pdftex.def Info: gc-15-Taylor.pdf, page30 used on input line 4.
(pdftex.def)             Requested size: 437.03256pt x 327.77414pt.
File: gc-15-Taylor.pdf Graphic file (type pdf)

<use gc-15-Taylor.pdf, page 31>
Package pdftex.def Info: gc-15-Taylor.pdf, page31 used on input line 4.
(pdftex.def)             Requested size: 437.03256pt x 327.77414pt.
File: gc-15-Taylor.pdf Graphic file (type pdf)
 <use gc-15-Taylor.pdf, page 32>
Package pdftex.def Info: gc-15-Taylor.pdf, page32 used on input line 4.
(pdftex.def)             Requested size: 437.03256pt x 327.77414pt.
 [8 <./gc-15-Taylor.pdf> <./gc-15-Taylor.pdf> <./gc-15-Taylor.pdf> <./gc-15-Tay
lor.pdf>]
<gc-15-Taylor.pdf, id=149, page=33, 364.19562pt x 273.14648pt>
File: gc-15-Taylor.pdf Graphic file (type pdf)

<use gc-15-Taylor.pdf, page 33>
Package pdftex.def Info: gc-15-Taylor.pdf, page33 used on input line 4.
(pdftex.def)             Requested size: 437.03256pt x 327.77414pt.
File: gc-15-Taylor.pdf Graphic file (type pdf)
 <use gc-15-Taylor.pdf, page 33>
Package pdftex.def Info: gc-15-Taylor.pdf, page33 used on input line 4.
(pdftex.def)             Requested size: 437.03256pt x 327.77414pt.

<gc-15-Taylor.pdf, id=150, page=34, 364.19562pt x 273.14648pt>
File: gc-15-Taylor.pdf Graphic file (type pdf)

<use gc-15-Taylor.pdf, page 34>
Package pdftex.def Info: gc-15-Taylor.pdf, page34 used on input line 4.
(pdftex.def)             Requested size: 437.03256pt x 327.77414pt.
File: gc-15-Taylor.pdf Graphic file (type pdf)
 <use gc-15-Taylor.pdf, page 34>
Package pdftex.def Info: gc-15-Taylor.pdf, page34 used on input line 4.
(pdftex.def)             Requested size: 437.03256pt x 327.77414pt.

<gc-15-Taylor.pdf, id=151, page=35, 364.19562pt x 273.14648pt>
File: gc-15-Taylor.pdf Graphic file (type pdf)

<use gc-15-Taylor.pdf, page 35>
Package pdftex.def Info: gc-15-Taylor.pdf, page35 used on input line 4.
(pdftex.def)             Requested size: 437.03256pt x 327.77414pt.
File: gc-15-Taylor.pdf Graphic file (type pdf)
 <use gc-15-Taylor.pdf, page 35>
Package pdftex.def Info: gc-15-Taylor.pdf, page35 used on input line 4.
(pdftex.def)             Requested size: 437.03256pt x 327.77414pt.

<gc-15-Taylor.pdf, id=152, page=36, 364.19562pt x 273.14648pt>
File: gc-15-Taylor.pdf Graphic file (type pdf)

<use gc-15-Taylor.pdf, page 36>
Package pdftex.def Info: gc-15-Taylor.pdf, page36 used on input line 4.
(pdftex.def)             Requested size: 437.03256pt x 327.77414pt.
File: gc-15-Taylor.pdf Graphic file (type pdf)
 <use gc-15-Taylor.pdf, page 36>
Package pdftex.def Info: gc-15-Taylor.pdf, page36 used on input line 4.
(pdftex.def)             Requested size: 437.03256pt x 327.77414pt.
File: gc-15-Taylor.pdf Graphic file (type pdf)

<use gc-15-Taylor.pdf, page 33>
Package pdftex.def Info: gc-15-Taylor.pdf, page33 used on input line 4.
(pdftex.def)             Requested size: 437.03256pt x 327.77414pt.
File: gc-15-Taylor.pdf Graphic file (type pdf)
 <use gc-15-Taylor.pdf, page 34>
Package pdftex.def Info: gc-15-Taylor.pdf, page34 used on input line 4.
(pdftex.def)             Requested size: 437.03256pt x 327.77414pt.
File: gc-15-Taylor.pdf Graphic file (type pdf)

<use gc-15-Taylor.pdf, page 35>
Package pdftex.def Info: gc-15-Taylor.pdf, page35 used on input line 4.
(pdftex.def)             Requested size: 437.03256pt x 327.77414pt.
File: gc-15-Taylor.pdf Graphic file (type pdf)
 <use gc-15-Taylor.pdf, page 36>
Package pdftex.def Info: gc-15-Taylor.pdf, page36 used on input line 4.
(pdftex.def)             Requested size: 437.03256pt x 327.77414pt.
 [9 <./gc-15-Taylor.pdf> <./gc-15-Taylor.pdf> <./gc-15-Taylor.pdf> <./gc-15-Tay
lor.pdf>]
<gc-15-Taylor.pdf, id=156, page=37, 364.19562pt x 273.14648pt>
File: gc-15-Taylor.pdf Graphic file (type pdf)

<use gc-15-Taylor.pdf, page 37>
Package pdftex.def Info: gc-15-Taylor.pdf, page37 used on input line 4.
(pdftex.def)             Requested size: 437.03256pt x 327.77414pt.
File: gc-15-Taylor.pdf Graphic file (type pdf)
 <use gc-15-Taylor.pdf, page 37>
Package pdftex.def Info: gc-15-Taylor.pdf, page37 used on input line 4.
(pdftex.def)             Requested size: 437.03256pt x 327.77414pt.

<gc-15-Taylor.pdf, id=157, page=38, 364.19562pt x 273.14648pt>
File: gc-15-Taylor.pdf Graphic file (type pdf)

<use gc-15-Taylor.pdf, page 38>
Package pdftex.def Info: gc-15-Taylor.pdf, page38 used on input line 4.
(pdftex.def)             Requested size: 437.03256pt x 327.77414pt.
File: gc-15-Taylor.pdf Graphic file (type pdf)
 <use gc-15-Taylor.pdf, page 38>
Package pdftex.def Info: gc-15-Taylor.pdf, page38 used on input line 4.
(pdftex.def)             Requested size: 437.03256pt x 327.77414pt.

<gc-15-Taylor.pdf, id=158, page=39, 364.19562pt x 273.14648pt>
File: gc-15-Taylor.pdf Graphic file (type pdf)

<use gc-15-Taylor.pdf, page 39>
Package pdftex.def Info: gc-15-Taylor.pdf, page39 used on input line 4.
(pdftex.def)             Requested size: 437.03256pt x 327.77414pt.
File: gc-15-Taylor.pdf Graphic file (type pdf)
 <use gc-15-Taylor.pdf, page 39>
Package pdftex.def Info: gc-15-Taylor.pdf, page39 used on input line 4.
(pdftex.def)             Requested size: 437.03256pt x 327.77414pt.

<gc-15-Taylor.pdf, id=159, page=40, 364.19562pt x 273.14648pt>
File: gc-15-Taylor.pdf Graphic file (type pdf)

<use gc-15-Taylor.pdf, page 40>
Package pdftex.def Info: gc-15-Taylor.pdf, page40 used on input line 4.
(pdftex.def)             Requested size: 437.03256pt x 327.77414pt.
File: gc-15-Taylor.pdf Graphic file (type pdf)
 <use gc-15-Taylor.pdf, page 40>
Package pdftex.def Info: gc-15-Taylor.pdf, page40 used on input line 4.
(pdftex.def)             Requested size: 437.03256pt x 327.77414pt.
File: gc-15-Taylor.pdf Graphic file (type pdf)

<use gc-15-Taylor.pdf, page 37>
Package pdftex.def Info: gc-15-Taylor.pdf, page37 used on input line 4.
(pdftex.def)             Requested size: 437.03256pt x 327.77414pt.
File: gc-15-Taylor.pdf Graphic file (type pdf)
 <use gc-15-Taylor.pdf, page 38>
Package pdftex.def Info: gc-15-Taylor.pdf, page38 used on input line 4.
(pdftex.def)             Requested size: 437.03256pt x 327.77414pt.
File: gc-15-Taylor.pdf Graphic file (type pdf)

<use gc-15-Taylor.pdf, page 39>
Package pdftex.def Info: gc-15-Taylor.pdf, page39 used on input line 4.
(pdftex.def)             Requested size: 437.03256pt x 327.77414pt.
File: gc-15-Taylor.pdf Graphic file (type pdf)
 <use gc-15-Taylor.pdf, page 40>
Package pdftex.def Info: gc-15-Taylor.pdf, page40 used on input line 4.
(pdftex.def)             Requested size: 437.03256pt x 327.77414pt.
 [10 <./gc-15-Taylor.pdf> <./gc-15-Taylor.pdf> <./gc-15-Taylor.pdf> <./gc-15-Ta
ylor.pdf>]
(./gc-handout-15.aux) ) 
Here is how much of TeX's memory you used:
 2898 strings out of 494945
 43199 string characters out of 6181032
 101390 words of memory out of 5000000
 6173 multiletter control sequences out of 15000+600000
 3640 words of font info for 14 fonts, out of 8000000 for 9000
 14 hyphenation exceptions out of 8191
 41i,19n,49p,260b,449s stack positions out of 5000i,500n,10000p,200000b,80000s
</usr/share/texlive/texmf-dist/fonts/type1/public/amsfon
ts/cm/cmex10.pfb></usr/share/texlive/texmf-dist/fonts/type1/public/amsfonts/cm/
cmmi10.pfb></usr/share/texlive/texmf-dist/fonts/type1/public/amsfonts/cm/cmmi12
.pfb></usr/share/texlive/texmf-dist/fonts/type1/public/amsfonts/cm/cmss10.pfb><
/usr/share/texlive/texmf-dist/fonts/type1/public/amsfonts/cm/cmss12.pfb></usr/s
hare/texlive/texmf-dist/fonts/type1/public/amsfonts/cm/cmss8.pfb></usr/share/te
xlive/texmf-dist/fonts/type1/public/amsfonts/cm/cmssbx10.pfb></usr/share/texliv
e/texmf-dist/fonts/type1/public/amsfonts/cm/cmssi10.pfb></usr/share/texlive/tex
mf-dist/fonts/type1/public/amsfonts/cm/cmssi12.pfb></usr/share/texlive/texmf-di
st/fonts/type1/public/amsfonts/cm/cmssi8.pfb></usr/share/texlive/texmf-dist/fon
ts/type1/public/amsfonts/cm/cmsy10.pfb></usr/share/texlive/texmf-dist/fonts/typ
e1/public/amsfonts/cm/cmsy8.pfb></usr/share/texlive/texmf-dist/fonts/type1/publ
ic/amsfonts/symbols/msbm10.pfb>
Output written on gc-handout-15.pdf (10 pages, 228734 bytes).
PDF statistics:
 179 PDF objects out of 1000 (max. 8388607)
 98 compressed objects within 1 object stream
 0 named destinations out of 1000 (max. 500000)
 216 words of extra memory for PDF output out of 10000 (max. 10000000)

